生成启动时间为 2018/12/17 15:11:52。
     1>项目“C:\Users\misui\Desktop\C++地图资料\20181102\GAODEMap\GAODEMap\GAODEMap.vcxproj”在节点 2 上(Build 个目标)。
     1>ClCompile:
         D:\program_files\visual_studio\VC\bin\CL.exe /c /ZI /nologo /W3 /WX- /sdl /Od /Oy- /D WIN32 /D _WINDOWS /D _DEBUG /D _MBCS /D _AFXDLL /Gm /EHsc /RTC1 /MDd /GS /fp:precise /Zc:wchar_t /Zc:forScope /Yc"stdafx.h" /Fp"Debug\GAODEMap.pch" /Fo"Debug\\" /Fd"Debug\vc110.pdb" /Gd /TP /analyze- /errorReport:prompt stdafx.cpp
         stdafx.cpp
         D:\program_files\visual_studio\VC\bin\CL.exe /c /ZI /nologo /W3 /WX- /sdl /Od /Oy- /D WIN32 /D _WINDOWS /D _DEBUG /D _MBCS /D _AFXDLL /Gm /EHsc /RTC1 /MDd /GS /fp:precise /Zc:wchar_t /Zc:forScope /Yu"stdafx.h" /Fp"Debug\GAODEMap.pch" /Fo"Debug\\" /Fd"Debug\vc110.pdb" /Gd /TP /analyze- /errorReport:prompt box_lng.cpp explorer1.cpp GAODEMap.cpp GAODEMapDlg.cpp WebPage.cpp
         WebPage.cpp
         GAODEMapDlg.cpp
         GAODEMap.cpp
         explorer1.cpp
         box_lng.cpp
         正在生成代码...
       ResourceCompile:
         C:\Program Files\Windows Kits\8.0\bin\x86\rc.exe /D _DEBUG /D _AFXDLL /l"0x0804" /IDebug\ /nologo /fo"Debug\GAODEMap.res" GAODEMap.rc 
       Link:
         D:\program_files\visual_studio\VC\bin\link.exe /ERRORREPORT:PROMPT /OUT:"C:\Users\misui\Desktop\C++地图资料\20181102\GAODEMap\Debug\GAODEMap.exe" /INCREMENTAL /NOLOGO /MANIFEST /MANIFESTUAC:"level='asInvoker' uiAccess='false'" /manifest:embed /manifestinput:D:\program_files\visual_studio\VC\Include\Manifest\dpiaware.manifest /DEBUG /PDB:"C:\Users\misui\Desktop\C++地图资料\20181102\GAODEMap\Debug\GAODEMap.pdb" /SUBSYSTEM:WINDOWS /TLBID:1 /DYNAMICBASE /NXCOMPAT /IMPLIB:"C:\Users\misui\Desktop\C++地图资料\20181102\GAODEMap\Debug\GAODEMap.lib" /MACHINE:X86 Debug\GAODEMap.res
         Debug\box_lng.obj
         Debug\explorer1.obj
         Debug\GAODEMap.obj
         Debug\GAODEMapDlg.obj
         Debug\stdafx.obj
         Debug\WebPage.obj
         GAODEMap.vcxproj -> C:\Users\misui\Desktop\C++地图资料\20181102\GAODEMap\Debug\GAODEMap.exe
     1>已完成生成项目“C:\Users\misui\Desktop\C++地图资料\20181102\GAODEMap\GAODEMap\GAODEMap.vcxproj”(Build 个目标)的操作。

生成成功。

已用时间 00:00:08.86
