D:\RNA\VS_PRACTICE\C++\GAODEMAP\GAODEMAP\DEBUG\GAODEMAP.PCH
D:\RNA\VS_PRACTICE\C++\GAODEMAP\GAODEMAP\DEBUG\STDAFX.OBJ
D:\RNA\VS_PRACTICE\C++\GAODEMAP\GAODEMAP\DEBUG\VC110.PDB
D:\RNA\VS_PRACTICE\C++\GAODEMAP\GAODEMAP\DEBUG\BOX_LNG.OBJ
D:\RNA\VS_PRACTICE\C++\GAODEMAP\GAODEMAP\DEBUG\EXPLORER1.OBJ
D:\RNA\VS_PRACTICE\C++\GAODEMAP\GAODEMAP\DEBUG\GAODEMAP.OBJ
D:\RNA\VS_PRACTICE\C++\GAODEMAP\GAODEMAP\DEBUG\GAODEMAPDLG.OBJ
D:\RNA\VS_PRACTICE\C++\GAODEMAP\GAODEMAP\DEBUG\WEBPAGE.OBJ
D:\RNA\VS_PRACTICE\C++\GAODEMAP\DEBUG\GAODEMAP.ILK
D:\RNA\VS_PRACTICE\C++\GAODEMAP\DEBUG\GAODEMAP.EXE
D:\RNA\VS_PRACTICE\C++\GAODEMAP\DEBUG\GAODEMAP.PDB
D:\RNA\VS_PRACTICE\C++\GAODEMAP\GAODEMAP\DEBUG\GAODEMAP.RES
D:\RNA\VS_practice\C++\GAODEMap\GAODEMap\Debug\box_lng.obj
D:\RNA\VS_practice\C++\GAODEMap\GAODEMap\Debug\explorer1.obj
D:\RNA\VS_practice\C++\GAODEMap\GAODEMap\Debug\GAODEMap.obj
D:\RNA\VS_practice\C++\GAODEMap\GAODEMap\Debug\GAODEMapDlg.obj
D:\RNA\VS_practice\C++\GAODEMap\GAODEMap\Debug\stdafx.obj
D:\RNA\VS_practice\C++\GAODEMap\GAODEMap\Debug\WebPage.obj
D:\RNA\VS_practice\C++\GAODEMap\GAODEMap\Debug\cl.command.1.tlog
D:\RNA\VS_practice\C++\GAODEMap\GAODEMap\Debug\CL.read.1.tlog
D:\RNA\VS_practice\C++\GAODEMap\GAODEMap\Debug\CL.write.1.tlog
D:\RNA\VS_practice\C++\GAODEMap\GAODEMap\Debug\link-cvtres.read.1.tlog
D:\RNA\VS_practice\C++\GAODEMap\GAODEMap\Debug\link-cvtres.write.1.tlog
D:\RNA\VS_practice\C++\GAODEMap\GAODEMap\Debug\link-mt.read.1.tlog
D:\RNA\VS_practice\C++\GAODEMap\GAODEMap\Debug\link-mt.write.1.tlog
D:\RNA\VS_practice\C++\GAODEMap\GAODEMap\Debug\link-rc.read.1.tlog
D:\RNA\VS_practice\C++\GAODEMap\GAODEMap\Debug\link-rc.write.1.tlog
D:\RNA\VS_practice\C++\GAODEMap\GAODEMap\Debug\link.command.1.tlog
D:\RNA\VS_practice\C++\GAODEMap\GAODEMap\Debug\link.read.1.tlog
D:\RNA\VS_practice\C++\GAODEMap\GAODEMap\Debug\link.write.1.tlog
D:\RNA\VS_practice\C++\GAODEMap\GAODEMap\Debug\rc.command.1.tlog
D:\RNA\VS_practice\C++\GAODEMap\GAODEMap\Debug\rc.read.1.tlog
D:\RNA\VS_practice\C++\GAODEMap\GAODEMap\Debug\rc.write.1.tlog
D:\RNA\VS_practice\C++\GAODEMap\GAODEMap\Debug\GAODEMap.res
D:\RNA\VS_practice\C++\GAODEMap\GAODEMap\Debug\GAODEMap.pch
D:\RNA\VS_practice\C++\GAODEMap\GAODEMap\Debug\vc110.idb
D:\RNA\VS_practice\C++\GAODEMap\GAODEMap\Debug\vc110.pdb
D:\RNA\VS_practice\C++\GAODEMap\Debug\GAODEMap.pdb
D:\RNA\VS_practice\C++\GAODEMap\Debug\GAODEMap.exe
D:\RNA\VS_practice\C++\GAODEMap\Debug\GAODEMap.ilk
